#
# A fatal error has been detected by the Java Runtime Environment:
#
#  Internal Error (javaClasses.cpp:129), pid=2684, tid=1600
#  fatal error: Invalid layout of preloaded class
#
# JRE version: 7.0_13-b20
# Java VM: Java HotSpot(TM) 64-Bit Server VM (23.7-b01 mixed mode windows-amd64 compressed oops)
# Failed to write core dump. Minidumps are not enabled by default on client versions of Windows
#
# If you would like to submit a bug report, please visit:
#   http://bugreport.sun.com/bugreport/crash.jsp
#

---------------  T H R E A D  ---------------

Current thread (0x000000000120e000):  JavaThread "Unknown thread" [_thread_in_vm, id=1600, stack(0x0000000002a20000,0x0000000002b20000)]

Stack: [0x0000000002a20000,0x0000000002b20000]

---------------  P R O C E S S  ---------------

Java Threads: ( => current thread )

Other Threads:

=>0x000000000120e000 (exited) JavaThread "Unknown thread" [_thread_in_vm, id=1600, stack(0x0000000002a20000,0x0000000002b20000)]

VM state:not at safepoint (not fully initialized)

VM Mutex/Monitor currently owned by a thread: None

GC Heap History (0 events):
No events

Deoptimization events (0 events):
No events

Internal exceptions (0 events):
No events

Events (10 events):
Event: 0.019 loading class 0x0000000002e6a000 done
Event: 0.020 loading class 0x0000000002e2a530 done
Event: 0.020 loading class 0x0000000002e2a860
Event: 0.020 loading class 0x0000000002e71aa0
Event: 0.020 loading class 0x0000000002e71aa0 done
Event: 0.020 loading class 0x0000000002e71ae0
Event: 0.020 loading class 0x0000000002e71ae0 done
Event: 0.020 loading class 0x000000000a2ee740
Event: 0.020 loading class 0x000000000a2ee740 done
Event: 0.020 loading class 0x0000000002e2a860 done


Dynamic libraries:
0x000007f734980000 - 0x000007f7349b3000 	E:\ProfessionalTools\JDK1.7_64bit_InstallContent\bin\javaw.exe
0x000007feea200000 - 0x000007feea3be000 	C:\windows\SYSTEM32\ntdll.dll
0x000007fee9720000 - 0x000007fee9856000 	C:\windows\system32\KERNEL32.DLL
0x000007fee7150000 - 0x000007fee7243000 	C:\windows\system32\KERNELBASE.dll
0x000007fee93f0000 - 0x000007fee94ce000 	C:\windows\system32\ADVAPI32.dll
0x000007fee8f00000 - 0x000007fee904c000 	C:\windows\system32\USER32.dll
0x000007fee47c0000 - 0x000007fee4a29000 	C:\windows\WinSxS\amd64_microsoft.windows.common-controls_6595b64144ccf1df_6.0.9200.16384_none_418c2a697189c07f\COMCTL32.dll
0x000007fee9ca0000 - 0x000007fee9d45000 	C:\windows\system32\msvcrt.dll
0x000007feea130000 - 0x000007feea178000 	C:\windows\SYSTEM32\sechost.dll
0x000007fee8cb0000 - 0x000007fee8df5000 	C:\windows\system32\RPCRT4.dll
0x000007fee75e0000 - 0x000007fee7721000 	C:\windows\system32\GDI32.dll
0x000007fee9c60000 - 0x000007fee9c99000 	C:\windows\system32\IMM32.DLL
0x000007fee92d0000 - 0x000007fee93e4000 	C:\windows\system32\MSCTF.dll
0x00000000560d0000 - 0x00000000561a1000 	E:\ProfessionalTools\JDK1.7_64bit_InstallContent\jre\bin\msvcr100.dll
0x0000000056b20000 - 0x000000005723f000 	E:\ProfessionalTools\JDK1.7_64bit_InstallContent\jre\bin\server\jvm.dll
0x000007fee4d40000 - 0x000007fee4d49000 	C:\windows\SYSTEM32\WSOCK32.dll
0x000007fee5370000 - 0x000007fee5390000 	C:\windows\SYSTEM32\WINMM.dll
0x000007feea1f0000 - 0x000007feea1f7000 	C:\windows\system32\PSAPI.DLL
0x000007fee8e00000 - 0x000007fee8e58000 	C:\windows\system32\WS2_32.dll
0x000007fee42d0000 - 0x000007fee4302000 	C:\windows\SYSTEM32\WINMMBASE.dll
0x000007fee7950000 - 0x000007fee7959000 	C:\windows\system32\NSI.dll
0x0000000056b10000 - 0x0000000056b1f000 	E:\ProfessionalTools\JDK1.7_64bit_InstallContent\jre\bin\verify.dll
0x0000000056ae0000 - 0x0000000056b08000 	E:\ProfessionalTools\JDK1.7_64bit_InstallContent\jre\bin\java.dll
0x0000000056ac0000 - 0x0000000056ad5000 	E:\ProfessionalTools\JDK1.7_64bit_InstallContent\jre\bin\zip.dll

VM Arguments:
jvm_args: -Dfile.encoding=GBK -Xbootclasspath:D:\Android_SdkInstallContent\platforms\android-20\android.jar 
java_command: com.test.Test1
Launcher Type: SUN_STANDARD

Environment Variables:
JAVA_HOME=E:\ProfessionalTools\JDK1.7_64bit_InstallContent
CLASSPATH=.;E:\ProfessionalTools\JDK1.7_64bit_InstallContent\lib\dt.jar;E:\ProfessionalTools\JDK1.7_64bit_InstallContent\lib\tools.jar;
PATH=E:/ProfessionalTools/JDK1.7_64bit_InstallContent/bin/../jre/bin/server;E:/ProfessionalTools/JDK1.7_64bit_InstallContent/bin/../jre/bin;E:/ProfessionalTools/JDK1.7_64bit_InstallContent/bin/../jre/lib/amd64;E:\ProfessionalTools\JDK1.7_64bit_InstallContent\bin;C:\windows\system32;C:\windows;C:\windows\System32\Wbem;C:\windows\System32\WindowsPowerShell\v1.0\;D:\Android_SdkInstallContent\platform-tools;D:\Android_SdkInstallContent\tools;D:\Nodejs_InstallContent\;D:\SVN_InstallContent\bin;D:\Subversion_InstallConten\bin;D:\PHP\mysql-5.6.23-winx64\mysql-5.6.23-winx64\bin;D:\PHP\php-5.6.6-Win32-VC11-x64;D:\PHP\php-5.6.6-Win32-VC11-x64\ext;E:\SQLlite\sqlite-shell-win32-x86-3080803;C:\Users\wcj\AppData\Roaming\npm;D:\apache-ant-1.9.4;;E:\ProfessionalTools\eclipse-j2ee-64\eclipse;
USERNAME=wcj
OS=Windows_NT
PROCESSOR_IDENTIFIER=AMD64 Family 18 Model 1 Stepping 0, AuthenticAMD



---------------  S Y S T E M  ---------------

OS: Windows 8 , 64 bit Build 9200 

CPU:total 4 (4 cores per cpu, 1 threads per core) family 18 model 1 stepping 0, cmov, cx8, fxsr, mmx, sse, sse2, sse3, popcnt, mmxext, 3dnowpref, lzcnt, sse4a, tsc, tscinvbit, tscinv

Memory: 4k page, physical 5740652k(2866320k free), swap 11507820k(6530004k free)

vm_info: Java HotSpot(TM) 64-Bit Server VM (23.7-b01) for windows-amd64 JRE (1.7.0_13-b20), built on Jan 30 2013 10:10:00 by "java_re" with unknown MS VC++:1600

time: Mon Mar 30 22:36:10 2015
elapsed time: 0 seconds

